<?xml version="1.0" encoding="UTF-8"?>
<!-- Generated by org.testng.reporters.JUnitReportReporter -->
<testsuite hostname="TechAviator-PC" name="uk.driver_mort" tests="2" failures="0" timestamp="28 May 2017 01:02:51 GMT" time="61.284" errors="0">
  <testcase name="EMI" time="36.601" classname="uk.driver_mort"/>
  <testcase name="EMI" time="24.683" classname="uk.driver_mort"/>
</testsuite> <!-- uk.driver_mort -->
