<?xml version="1.0" encoding="UTF-8"?>
<!-- Generated by org.testng.reporters.JUnitReportReporter -->
<testsuite hostname="TechAviator-PC" name="Day5_session2.driver_mortgage" tests="2" failures="0" timestamp="8 Jul 2017 14:10:03 GMT" time="54.465" errors="0">
  <testcase name="EMI" time="28.207" classname="Day5_session2.driver_mortgage"/>
  <testcase name="EMI" time="26.258" classname="Day5_session2.driver_mortgage"/>
</testsuite> <!-- Day5_session2.driver_mortgage -->
