<?xml version="1.0" encoding="UTF-8"?>
<!-- Generated by org.testng.reporters.JUnitReportReporter -->
<testsuite hostname="TechAviator-PC" name="Day5.Testng_learning" tests="3" failures="0" timestamp="28 May 2017 04:30:54 GMT" time="0.015" errors="0">
  <testcase name="closeapp" time="0.015" classname="Day5.Testng_learning"/>
  <testcase name="sendmail" time="0.000" classname="Day5.Testng_learning"/>
  <testcase name="login" time="0.000" classname="Day5.Testng_learning"/>
</testsuite> <!-- Day5.Testng_learning -->
