<?xml version="1.0" encoding="UTF-8"?>
<!-- Generated by org.testng.reporters.JUnitReportReporter -->
<testsuite hostname="TechAviator-PC" name="Day5.Testng_priority" tests="3" failures="0" timestamp="28 May 2017 04:33:59 GMT" time="0.031" errors="0">
  <testcase name="sendmail" time="0.016" classname="Day5.Testng_priority"/>
  <testcase name="closeapp" time="0.015" classname="Day5.Testng_priority"/>
  <testcase name="login" time="0.000" classname="Day5.Testng_priority"/>
</testsuite> <!-- Day5.Testng_priority -->
